2018-04-29 19:03:10,765 INFO (StartupInfoLogger.java:50)- Starting DemoApplication on DESKTOP-N88H2NI with PID 5872 (E:\IDEA\hw3-spring-security\target\classes started by VM510L in E:\IDEA\hw3-spring-security)
2018-04-29 19:03:10,774 DEBUG (StartupInfoLogger.java:53)- Running with Spring Boot v2.0.1.RELEASE, Spring v5.0.5.RELEASE
2018-04-29 19:03:10,782 INFO (SpringApplication.java:659)- No active profile set, falling back to default profiles: default
2018-04-29 19:03:15,614 INFO (StartupInfoLogger.java:59)- Started DemoApplication in 5.676 seconds (JVM running for 7.432)
2018-04-29 19:05:39,489 INFO (StartupInfoLogger.java:50)- Starting DemoApplication on DESKTOP-N88H2NI with PID 4124 (E:\IDEA\hw3-spring-security\target\classes started by VM510L in E:\IDEA\hw3-spring-security)
2018-04-29 19:05:39,553 DEBUG (StartupInfoLogger.java:53)- Running with Spring Boot v2.0.1.RELEASE, Spring v5.0.5.RELEASE
2018-04-29 19:05:39,556 INFO (SpringApplication.java:659)- No active profile set, falling back to default profiles: default
2018-04-29 19:05:43,883 INFO (StartupInfoLogger.java:59)- Started DemoApplication in 5.073 seconds (JVM running for 7.642)
2018-04-29 19:09:10,928 INFO (StartupInfoLogger.java:50)- Starting DemoApplication on DESKTOP-N88H2NI with PID 12520 (E:\IDEA\hw3-spring-security\target\classes started by VM510L in E:\IDEA\hw3-spring-security)
2018-04-29 19:09:10,934 DEBUG (StartupInfoLogger.java:53)- Running with Spring Boot v2.0.1.RELEASE, Spring v5.0.5.RELEASE
2018-04-29 19:09:10,938 INFO (SpringApplication.java:659)- No active profile set, falling back to default profiles: default
2018-04-29 19:09:14,869 INFO (StartupInfoLogger.java:59)- Started DemoApplication in 4.863 seconds (JVM running for 6.526)
2018-04-29 19:10:09,920 INFO (StartupInfoLogger.java:50)- Starting DemoApplication on DESKTOP-N88H2NI with PID 14204 (E:\IDEA\hw3-spring-security\target\classes started by VM510L in E:\IDEA\hw3-spring-security)
2018-04-29 19:10:09,944 DEBUG (StartupInfoLogger.java:53)- Running with Spring Boot v2.0.1.RELEASE, Spring v5.0.5.RELEASE
2018-04-29 19:10:09,948 INFO (SpringApplication.java:659)- No active profile set, falling back to default profiles: default
2018-04-29 19:10:13,404 INFO (StartupInfoLogger.java:59)- Started DemoApplication in 4.169 seconds (JVM running for 5.585)
2018-04-29 19:12:04,302 INFO (StartupInfoLogger.java:50)- Starting DemoApplication on DESKTOP-N88H2NI with PID 13460 (E:\IDEA\hw3-spring-security\target\classes started by VM510L in E:\IDEA\hw3-spring-security)
2018-04-29 19:12:04,308 DEBUG (StartupInfoLogger.java:53)- Running with Spring Boot v2.0.1.RELEASE, Spring v5.0.5.RELEASE
2018-04-29 19:12:04,311 INFO (SpringApplication.java:659)- No active profile set, falling back to default profiles: default
2018-04-29 19:12:07,489 INFO (StartupInfoLogger.java:59)- Started DemoApplication in 3.844 seconds (JVM running for 5.67)
2018-04-29 19:13:27,130 INFO (StartupInfoLogger.java:50)- Starting DemoApplication on DESKTOP-N88H2NI with PID 12520 (E:\IDEA\hw3-spring-security\target\classes started by VM510L in E:\IDEA\hw3-spring-security)
2018-04-29 19:13:27,136 DEBUG (StartupInfoLogger.java:53)- Running with Spring Boot v2.0.1.RELEASE, Spring v5.0.5.RELEASE
2018-04-29 19:13:27,140 INFO (SpringApplication.java:659)- No active profile set, falling back to default profiles: default
2018-04-29 19:13:30,500 INFO (StartupInfoLogger.java:59)- Started DemoApplication in 4.17 seconds (JVM running for 5.616)
2018-04-29 19:15:10,369 INFO (StartupInfoLogger.java:50)- Starting DemoApplication on DESKTOP-N88H2NI with PID 16068 (E:\IDEA\hw3-spring-security\target\classes started by VM510L in E:\IDEA\hw3-spring-security)
2018-04-29 19:15:10,426 DEBUG (StartupInfoLogger.java:53)- Running with Spring Boot v2.0.1.RELEASE, Spring v5.0.5.RELEASE
2018-04-29 19:15:10,429 INFO (SpringApplication.java:659)- No active profile set, falling back to default profiles: default
2018-04-29 19:15:14,972 INFO (StartupInfoLogger.java:59)- Started DemoApplication in 5.316 seconds (JVM running for 7.8)
2018-04-29 19:15:53,364 INFO (StartupInfoLogger.java:50)- Starting DemoApplication on DESKTOP-N88H2NI with PID 15456 (E:\IDEA\hw3-spring-security\target\classes started by VM510L in E:\IDEA\hw3-spring-security)
2018-04-29 19:15:53,370 DEBUG (StartupInfoLogger.java:53)- Running with Spring Boot v2.0.1.RELEASE, Spring v5.0.5.RELEASE
2018-04-29 19:15:53,372 INFO (SpringApplication.java:659)- No active profile set, falling back to default profiles: default
2018-04-29 19:15:57,457 INFO (StartupInfoLogger.java:59)- Started DemoApplication in 4.824 seconds (JVM running for 6.785)
2018-04-29 19:17:01,964 INFO (StartupInfoLogger.java:50)- Starting DemoApplication on DESKTOP-N88H2NI with PID 17132 (E:\IDEA\hw3-spring-security\target\classes started by VM510L in E:\IDEA\hw3-spring-security)
2018-04-29 19:17:01,972 DEBUG (StartupInfoLogger.java:53)- Running with Spring Boot v2.0.1.RELEASE, Spring v5.0.5.RELEASE
2018-04-29 19:17:01,986 INFO (SpringApplication.java:659)- No active profile set, falling back to default profiles: default
2018-04-29 19:17:06,045 INFO (StartupInfoLogger.java:59)- Started DemoApplication in 4.745 seconds (JVM running for 6.558)
2018-04-29 19:18:44,637 INFO (StartupInfoLogger.java:50)- Starting DemoApplication on DESKTOP-N88H2NI with PID 12048 (E:\IDEA\hw3-spring-security\target\classes started by VM510L in E:\IDEA\hw3-spring-security)
2018-04-29 19:18:44,642 DEBUG (StartupInfoLogger.java:53)- Running with Spring Boot v2.0.1.RELEASE, Spring v5.0.5.RELEASE
2018-04-29 19:18:44,645 INFO (SpringApplication.java:659)- No active profile set, falling back to default profiles: default
2018-04-29 19:18:48,112 INFO (StartupInfoLogger.java:59)- Started DemoApplication in 4.126 seconds (JVM running for 5.569)
2018-04-29 19:20:02,078 INFO (StartupInfoLogger.java:50)- Starting DemoApplication on DESKTOP-N88H2NI with PID 2232 (E:\IDEA\hw3-spring-security\target\classes started by VM510L in E:\IDEA\hw3-spring-security)
2018-04-29 19:20:02,084 DEBUG (StartupInfoLogger.java:53)- Running with Spring Boot v2.0.1.RELEASE, Spring v5.0.5.RELEASE
2018-04-29 19:20:02,086 INFO (SpringApplication.java:659)- No active profile set, falling back to default profiles: default
2018-04-29 19:20:05,856 INFO (StartupInfoLogger.java:59)- Started DemoApplication in 4.461 seconds (JVM running for 5.855)
2018-04-29 19:22:34,365 INFO (StartupInfoLogger.java:50)- Starting DemoApplication on DESKTOP-N88H2NI with PID 7920 (E:\IDEA\hw3-spring-security\target\classes started by VM510L in E:\IDEA\hw3-spring-security)
2018-04-29 19:22:34,370 DEBUG (StartupInfoLogger.java:53)- Running with Spring Boot v2.0.1.RELEASE, Spring v5.0.5.RELEASE
2018-04-29 19:22:34,373 INFO (SpringApplication.java:659)- No active profile set, falling back to default profiles: default
2018-04-29 19:22:37,867 INFO (StartupInfoLogger.java:59)- Started DemoApplication in 4.316 seconds (JVM running for 6.632)
2018-04-29 19:31:04,260 INFO (StartupInfoLogger.java:50)- Starting DemoApplication on DESKTOP-N88H2NI with PID 2300 (E:\IDEA\hw3-spring-security\target\classes started by VM510L in E:\IDEA\hw3-spring-security)
2018-04-29 19:31:04,280 DEBUG (StartupInfoLogger.java:53)- Running with Spring Boot v2.0.1.RELEASE, Spring v5.0.5.RELEASE
2018-04-29 19:31:04,283 INFO (SpringApplication.java:659)- No active profile set, falling back to default profiles: default
2018-04-29 19:31:08,172 INFO (StartupInfoLogger.java:59)- Started DemoApplication in 4.488 seconds (JVM running for 6.335)
2018-04-29 19:33:15,741 INFO (StartupInfoLogger.java:50)- Starting DemoApplication on DESKTOP-N88H2NI with PID 9268 (E:\IDEA\hw3-spring-security\target\classes started by VM510L in E:\IDEA\hw3-spring-security)
2018-04-29 19:33:15,746 DEBUG (StartupInfoLogger.java:53)- Running with Spring Boot v2.0.1.RELEASE, Spring v5.0.5.RELEASE
2018-04-29 19:33:15,749 INFO (SpringApplication.java:659)- No active profile set, falling back to default profiles: default
2018-04-29 19:33:19,097 INFO (StartupInfoLogger.java:59)- Started DemoApplication in 4.004 seconds (JVM running for 5.79)
2018-04-29 19:34:03,091 INFO (StartupInfoLogger.java:50)- Starting DemoApplication on DESKTOP-N88H2NI with PID 8456 (E:\IDEA\hw3-spring-security\target\classes started by VM510L in E:\IDEA\hw3-spring-security)
2018-04-29 19:34:03,096 DEBUG (StartupInfoLogger.java:53)- Running with Spring Boot v2.0.1.RELEASE, Spring v5.0.5.RELEASE
2018-04-29 19:34:03,099 INFO (SpringApplication.java:659)- No active profile set, falling back to default profiles: default
2018-04-29 19:34:07,067 INFO (StartupInfoLogger.java:59)- Started DemoApplication in 4.727 seconds (JVM running for 6.573)
2018-04-29 19:34:35,510 DEBUG (AppController.java:20)- 输入w1,Name=keep
2018-04-29 19:34:35,511 DEBUG (AppController.java:21)- 输入w2,Name=apple
2018-04-29 19:40:51,910 INFO (StartupInfoLogger.java:50)- Starting DemoApplication on DESKTOP-N88H2NI with PID 2464 (E:\IDEA\hw3-spring-security\target\classes started by VM510L in E:\IDEA\hw3-spring-security)
2018-04-29 19:40:51,916 DEBUG (StartupInfoLogger.java:53)- Running with Spring Boot v2.0.1.RELEASE, Spring v5.0.5.RELEASE
2018-04-29 19:40:51,919 INFO (SpringApplication.java:659)- No active profile set, falling back to default profiles: default
2018-04-29 19:40:55,714 INFO (StartupInfoLogger.java:59)- Started DemoApplication in 4.557 seconds (JVM running for 7.678)
2018-04-29 19:41:00,310 DEBUG (AppController.java:20)- 输入w1,Name=keep
2018-04-29 19:41:00,311 DEBUG (AppController.java:21)- 输入w2,Name=apple
2018-04-29 19:41:45,459 INFO (StartupInfoLogger.java:50)- Starting DemoApplication on DESKTOP-N88H2NI with PID 16984 (E:\IDEA\hw3-spring-security\target\classes started by VM510L in E:\IDEA\hw3-spring-security)
2018-04-29 19:41:45,463 DEBUG (StartupInfoLogger.java:53)- Running with Spring Boot v2.0.1.RELEASE, Spring v5.0.5.RELEASE
2018-04-29 19:41:45,466 INFO (SpringApplication.java:659)- No active profile set, falling back to default profiles: default
2018-04-29 19:41:48,775 INFO (StartupInfoLogger.java:59)- Started DemoApplication in 3.998 seconds (JVM running for 5.595)
2018-04-29 19:43:05,438 INFO (StartupInfoLogger.java:50)- Starting DemoApplication on DESKTOP-N88H2NI with PID 5544 (E:\IDEA\hw3-spring-security\target\classes started by VM510L in E:\IDEA\hw3-spring-security)
2018-04-29 19:43:05,443 DEBUG (StartupInfoLogger.java:53)- Running with Spring Boot v2.0.1.RELEASE, Spring v5.0.5.RELEASE
2018-04-29 19:43:05,445 INFO (SpringApplication.java:659)- No active profile set, falling back to default profiles: default
2018-04-29 19:43:08,822 INFO (StartupInfoLogger.java:59)- Started DemoApplication in 4.11 seconds (JVM running for 6.07)
2018-04-29 19:45:11,656 INFO (StartupInfoLogger.java:50)- Starting DemoApplication on DESKTOP-N88H2NI with PID 11068 (E:\IDEA\hw3-spring-security\target\classes started by VM510L in E:\IDEA\hw3-spring-security)
2018-04-29 19:45:11,663 DEBUG (StartupInfoLogger.java:53)- Running with Spring Boot v2.0.1.RELEASE, Spring v5.0.5.RELEASE
2018-04-29 19:45:11,666 INFO (SpringApplication.java:659)- No active profile set, falling back to default profiles: default
2018-04-29 19:45:14,956 INFO (StartupInfoLogger.java:59)- Started DemoApplication in 3.974 seconds (JVM running for 5.514)
2018-04-29 19:47:36,592 INFO (StartupInfoLogger.java:50)- Starting DemoApplication on DESKTOP-N88H2NI with PID 17128 (E:\IDEA\hw3-spring-security\target\classes started by VM510L in E:\IDEA\hw3-spring-security)
2018-04-29 19:47:36,602 DEBUG (StartupInfoLogger.java:53)- Running with Spring Boot v2.0.1.RELEASE, Spring v5.0.5.RELEASE
2018-04-29 19:47:36,605 INFO (SpringApplication.java:659)- No active profile set, falling back to default profiles: default
2018-04-29 19:47:39,931 INFO (StartupInfoLogger.java:59)- Started DemoApplication in 3.988 seconds (JVM running for 5.668)
2018-04-29 19:49:43,882 INFO (StartupInfoLogger.java:50)- Starting DemoApplication on DESKTOP-N88H2NI with PID 14600 (E:\IDEA\hw3-spring-security\target\classes started by VM510L in E:\IDEA\hw3-spring-security)
2018-04-29 19:49:43,887 DEBUG (StartupInfoLogger.java:53)- Running with Spring Boot v2.0.1.RELEASE, Spring v5.0.5.RELEASE
2018-04-29 19:49:43,890 INFO (SpringApplication.java:659)- No active profile set, falling back to default profiles: default
2018-04-29 19:49:47,716 INFO (StartupInfoLogger.java:59)- Started DemoApplication in 4.433 seconds (JVM running for 6.446)
2018-04-29 19:51:41,603 INFO (StartupInfoLogger.java:50)- Starting DemoApplication on DESKTOP-N88H2NI with PID 13344 (E:\IDEA\hw3-spring-security\target\classes started by VM510L in E:\IDEA\hw3-spring-security)
2018-04-29 19:51:41,608 DEBUG (StartupInfoLogger.java:53)- Running with Spring Boot v2.0.1.RELEASE, Spring v5.0.5.RELEASE
2018-04-29 19:51:41,610 INFO (SpringApplication.java:659)- No active profile set, falling back to default profiles: default
2018-04-29 19:51:44,943 INFO (StartupInfoLogger.java:59)- Started DemoApplication in 4.006 seconds (JVM running for 5.801)
2018-04-29 19:52:40,828 DEBUG (AppController.java:20)- 输入w1,Name=keep
2018-04-29 19:52:40,829 DEBUG (AppController.java:21)- 输入w2,Name=apple
2018-04-29 19:53:18,893 INFO (StartupInfoLogger.java:50)- Starting DemoApplication on DESKTOP-N88H2NI with PID 19340 (E:\IDEA\hw3-spring-security\target\classes started by VM510L in E:\IDEA\hw3-spring-security)
2018-04-29 19:53:18,905 DEBUG (StartupInfoLogger.java:53)- Running with Spring Boot v2.0.1.RELEASE, Spring v5.0.5.RELEASE
2018-04-29 19:53:18,908 INFO (SpringApplication.java:659)- No active profile set, falling back to default profiles: default
2018-04-29 19:53:22,840 INFO (StartupInfoLogger.java:59)- Started DemoApplication in 4.832 seconds (JVM running for 6.734)
2018-04-29 19:53:27,717 DEBUG (AppController.java:20)- 输入w1,Name=keep
2018-04-29 19:53:27,719 DEBUG (AppController.java:21)- 输入w2,Name=apple
2018-04-29 19:53:57,790 DEBUG (AppController.java:20)- 输入w1,Name=apple
2018-04-29 19:53:57,794 DEBUG (AppController.java:21)- 输入w2,Name=keep
2018-04-29 19:54:26,886 INFO (StartupInfoLogger.java:50)- Starting DemoApplication on DESKTOP-N88H2NI with PID 19840 (E:\IDEA\hw3-spring-security\target\classes started by VM510L in E:\IDEA\hw3-spring-security)
2018-04-29 19:54:26,891 DEBUG (StartupInfoLogger.java:53)- Running with Spring Boot v2.0.1.RELEASE, Spring v5.0.5.RELEASE
2018-04-29 19:54:26,893 INFO (SpringApplication.java:659)- No active profile set, falling back to default profiles: default
2018-04-29 19:54:30,575 INFO (StartupInfoLogger.java:59)- Started DemoApplication in 4.389 seconds (JVM running for 5.956)
2018-04-29 19:54:43,738 DEBUG (AppController.java:20)- 输入w1,Name=apple
2018-04-29 19:54:43,739 DEBUG (AppController.java:21)- 输入w2,Name=keep
2018-04-29 19:54:52,656 DEBUG (AppController.java:20)- 输入w1,Name=apple
2018-04-29 19:54:52,658 DEBUG (AppController.java:21)- 输入w2,Name=keep
2018-04-29 19:57:14,788 INFO (StartupInfoLogger.java:50)- Starting DemoApplication on DESKTOP-N88H2NI with PID 21300 (E:\IDEA\hw3-spring-security\target\classes started by VM510L in E:\IDEA\hw3-spring-security)
2018-04-29 19:57:14,797 DEBUG (StartupInfoLogger.java:53)- Running with Spring Boot v2.0.1.RELEASE, Spring v5.0.5.RELEASE
2018-04-29 19:57:14,809 INFO (SpringApplication.java:659)- No active profile set, falling back to default profiles: default
2018-04-29 19:57:18,525 INFO (StartupInfoLogger.java:59)- Started DemoApplication in 4.548 seconds (JVM running for 6.72)
2018-04-29 20:04:08,603 INFO (StartupInfoLogger.java:50)- Starting DemoApplication on DESKTOP-N88H2NI with PID 24064 (E:\IDEA\hw3-spring-security\target\classes started by VM510L in E:\IDEA\hw3-spring-security)
2018-04-29 20:04:08,610 DEBUG (StartupInfoLogger.java:53)- Running with Spring Boot v2.0.1.RELEASE, Spring v5.0.5.RELEASE
2018-04-29 20:04:08,613 INFO (SpringApplication.java:659)- No active profile set, falling back to default profiles: default
2018-04-29 20:04:11,913 INFO (StartupInfoLogger.java:59)- Started DemoApplication in 4.02 seconds (JVM running for 6.228)
2018-04-29 20:04:37,562 INFO (StartupInfoLogger.java:50)- Starting DemoApplication on DESKTOP-N88H2NI with PID 23600 (E:\IDEA\hw3-spring-security\target\classes started by VM510L in E:\IDEA\hw3-spring-security)
2018-04-29 20:04:37,600 DEBUG (StartupInfoLogger.java:53)- Running with Spring Boot v2.0.1.RELEASE, Spring v5.0.5.RELEASE
2018-04-29 20:04:37,605 INFO (SpringApplication.java:659)- No active profile set, falling back to default profiles: default
2018-04-29 20:04:41,659 INFO (StartupInfoLogger.java:59)- Started DemoApplication in 4.92 seconds (JVM running for 7.37)
2018-04-29 20:06:01,830 INFO (StartupInfoLogger.java:50)- Starting DemoApplication on DESKTOP-N88H2NI with PID 24844 (E:\IDEA\hw3-spring-security\target\classes started by VM510L in E:\IDEA\hw3-spring-security)
2018-04-29 20:06:01,836 DEBUG (StartupInfoLogger.java:53)- Running with Spring Boot v2.0.1.RELEASE, Spring v5.0.5.RELEASE
2018-04-29 20:06:01,844 INFO (SpringApplication.java:659)- No active profile set, falling back to default profiles: default
2018-04-29 20:06:05,829 INFO (StartupInfoLogger.java:59)- Started DemoApplication in 4.793 seconds (JVM running for 6.395)
2018-04-29 20:06:53,063 INFO (StartupInfoLogger.java:50)- Starting DemoApplication on DESKTOP-N88H2NI with PID 25492 (E:\IDEA\hw3-spring-security\target\classes started by VM510L in E:\IDEA\hw3-spring-security)
2018-04-29 20:06:53,068 DEBUG (StartupInfoLogger.java:53)- Running with Spring Boot v2.0.1.RELEASE, Spring v5.0.5.RELEASE
2018-04-29 20:06:53,071 INFO (SpringApplication.java:659)- No active profile set, falling back to default profiles: default
2018-04-29 20:06:56,354 INFO (StartupInfoLogger.java:59)- Started DemoApplication in 3.985 seconds (JVM running for 6.095)
2018-04-29 20:07:51,053 INFO (StartupInfoLogger.java:50)- Starting DemoApplication on DESKTOP-N88H2NI with PID 25560 (E:\IDEA\hw3-spring-security\target\classes started by VM510L in E:\IDEA\hw3-spring-security)
2018-04-29 20:07:51,063 DEBUG (StartupInfoLogger.java:53)- Running with Spring Boot v2.0.1.RELEASE, Spring v5.0.5.RELEASE
2018-04-29 20:07:51,068 INFO (SpringApplication.java:659)- No active profile set, falling back to default profiles: default
2018-04-29 20:07:55,396 INFO (StartupInfoLogger.java:59)- Started DemoApplication in 5.384 seconds (JVM running for 6.863)
2018-04-29 20:08:15,515 INFO (StartupInfoLogger.java:50)- Starting DemoApplication on DESKTOP-N88H2NI with PID 26020 (E:\IDEA\hw3-spring-security\target\classes started by VM510L in E:\IDEA\hw3-spring-security)
2018-04-29 20:08:15,543 DEBUG (StartupInfoLogger.java:53)- Running with Spring Boot v2.0.1.RELEASE, Spring v5.0.5.RELEASE
2018-04-29 20:08:15,550 INFO (SpringApplication.java:659)- No active profile set, falling back to default profiles: default
2018-04-29 20:08:19,267 INFO (StartupInfoLogger.java:59)- Started DemoApplication in 4.513 seconds (JVM running for 6.072)
2018-04-29 20:10:28,354 INFO (StartupInfoLogger.java:50)- Starting DemoApplication on DESKTOP-N88H2NI with PID 26264 (E:\IDEA\hw3-spring-security\target\classes started by VM510L in E:\IDEA\hw3-spring-security)
2018-04-29 20:10:28,360 DEBUG (StartupInfoLogger.java:53)- Running with Spring Boot v2.0.1.RELEASE, Spring v5.0.5.RELEASE
2018-04-29 20:10:28,363 INFO (SpringApplication.java:659)- No active profile set, falling back to default profiles: default
2018-04-29 20:10:32,211 INFO (StartupInfoLogger.java:59)- Started DemoApplication in 4.735 seconds (JVM running for 6.251)
2018-04-29 20:23:18,478 INFO (StartupInfoLogger.java:50)- Starting DemoApplication on DESKTOP-N88H2NI with PID 32764 (E:\IDEA\hw3-spring-security\target\classes started by VM510L in E:\IDEA\hw3-spring-security)
2018-04-29 20:23:18,484 DEBUG (StartupInfoLogger.java:53)- Running with Spring Boot v2.0.1.RELEASE, Spring v5.0.5.RELEASE
2018-04-29 20:23:18,487 INFO (SpringApplication.java:659)- No active profile set, falling back to default profiles: default
2018-04-29 20:23:22,047 INFO (StartupInfoLogger.java:59)- Started DemoApplication in 4.32 seconds (JVM running for 6.436)
2018-04-29 20:26:53,376 INFO (StartupInfoLogger.java:50)- Starting DemoApplication on DESKTOP-N88H2NI with PID 31980 (E:\IDEA\hw3-spring-security\target\classes started by VM510L in E:\IDEA\hw3-spring-security)
2018-04-29 20:26:53,383 DEBUG (StartupInfoLogger.java:53)- Running with Spring Boot v2.0.1.RELEASE, Spring v5.0.5.RELEASE
2018-04-29 20:26:53,387 INFO (SpringApplication.java:659)- No active profile set, falling back to default profiles: default
2018-04-29 20:26:56,977 INFO (StartupInfoLogger.java:59)- Started DemoApplication in 4.319 seconds (JVM running for 6.109)
2018-04-29 20:34:41,429 DEBUG (AppController.java:20)- 输入w1,Name=keep
2018-04-29 20:34:41,430 DEBUG (AppController.java:21)- 输入w2,Name=apple
2018-04-29 20:34:51,713 DEBUG (AppController.java:20)- 输入w1,Name=hello
2018-04-29 20:34:51,714 DEBUG (AppController.java:21)- 输入w2,Name=world
2018-04-29 20:35:49,436 INFO (StartupInfoLogger.java:50)- Starting DemoApplication on DESKTOP-N88H2NI with PID 34668 (E:\IDEA\hw3-spring-security\target\classes started by VM510L in E:\IDEA\hw3-spring-security)
2018-04-29 20:35:49,442 DEBUG (StartupInfoLogger.java:53)- Running with Spring Boot v2.0.1.RELEASE, Spring v5.0.5.RELEASE
2018-04-29 20:35:49,445 INFO (SpringApplication.java:659)- No active profile set, falling back to default profiles: default
2018-04-29 20:35:53,231 INFO (StartupInfoLogger.java:59)- Started DemoApplication in 4.414 seconds (JVM running for 6.189)
2018-04-29 20:35:58,349 DEBUG (AppController.java:20)- 输入w1,Name=hello
2018-04-29 20:35:58,350 DEBUG (AppController.java:21)- 输入w2,Name=world
2018-04-29 20:36:25,569 INFO (StartupInfoLogger.java:50)- Starting DemoApplication on DESKTOP-N88H2NI with PID 32480 (E:\IDEA\hw3-spring-security\target\classes started by VM510L in E:\IDEA\hw3-spring-security)
2018-04-29 20:36:25,575 DEBUG (StartupInfoLogger.java:53)- Running with Spring Boot v2.0.1.RELEASE, Spring v5.0.5.RELEASE
2018-04-29 20:36:25,578 INFO (SpringApplication.java:659)- No active profile set, falling back to default profiles: default
2018-04-29 20:36:29,488 INFO (StartupInfoLogger.java:59)- Started DemoApplication in 4.657 seconds (JVM running for 6.413)
2018-04-29 20:36:35,706 DEBUG (AppController.java:20)- 输入w1,Name=hello
2018-04-29 20:36:35,706 DEBUG (AppController.java:21)- 输入w2,Name=world
2018-04-29 20:37:05,415 DEBUG (AppController.java:20)- 输入w1,Name=hello
2018-04-29 20:37:05,416 DEBUG (AppController.java:21)- 输入w2,Name=world
2018-04-29 20:40:00,378 INFO (StartupInfoLogger.java:50)- Starting DemoApplication on DESKTOP-N88H2NI with PID 37264 (E:\IDEA\hw3-spring-security\target\classes started by VM510L in E:\IDEA\hw3-spring-security)
2018-04-29 20:40:00,384 DEBUG (StartupInfoLogger.java:53)- Running with Spring Boot v2.0.1.RELEASE, Spring v5.0.5.RELEASE
2018-04-29 20:40:00,386 INFO (SpringApplication.java:659)- No active profile set, falling back to default profiles: default
2018-04-29 20:40:04,078 INFO (StartupInfoLogger.java:59)- Started DemoApplication in 4.369 seconds (JVM running for 6.117)
2018-04-29 20:40:08,594 DEBUG (AppController.java:20)- 输入w1,Name=hello
2018-04-29 20:40:08,595 DEBUG (AppController.java:21)- 输入w2,Name=world
2018-04-29 20:42:29,109 DEBUG (AppController.java:20)- 输入w1,Name=hello
2018-04-29 20:42:29,111 DEBUG (AppController.java:21)- 输入w2,Name=world
2018-04-29 20:43:36,220 INFO (StartupInfoLogger.java:50)- Starting DemoApplication on DESKTOP-N88H2NI with PID 16168 (E:\IDEA\hw3-spring-security\target\classes started by VM510L in E:\IDEA\hw3-spring-security)
2018-04-29 20:43:36,225 DEBUG (StartupInfoLogger.java:53)- Running with Spring Boot v2.0.1.RELEASE, Spring v5.0.5.RELEASE
2018-04-29 20:43:36,239 INFO (SpringApplication.java:659)- No active profile set, falling back to default profiles: default
2018-04-29 20:43:39,714 INFO (StartupInfoLogger.java:59)- Started DemoApplication in 4.276 seconds (JVM running for 5.855)
2018-04-29 20:43:48,776 DEBUG (AppController.java:20)- 输入w1,Name=hello
2018-04-29 20:43:48,777 DEBUG (AppController.java:21)- 输入w2,Name=world
2018-04-29 20:48:04,168 INFO (StartupInfoLogger.java:50)- Starting DemoApplication on DESKTOP-N88H2NI with PID 25656 (E:\IDEA\hw3-spring-security\target\classes started by VM510L in E:\IDEA\hw3-spring-security)
2018-04-29 20:48:04,174 DEBUG (StartupInfoLogger.java:53)- Running with Spring Boot v2.0.1.RELEASE, Spring v5.0.5.RELEASE
2018-04-29 20:48:04,177 INFO (SpringApplication.java:659)- No active profile set, falling back to default profiles: default
2018-04-29 20:48:08,221 INFO (StartupInfoLogger.java:59)- Started DemoApplication in 4.781 seconds (JVM running for 6.413)
2018-04-29 20:48:13,592 DEBUG (AppController.java:20)- 输入w1,Name=hello
2018-04-29 20:48:13,593 DEBUG (AppController.java:21)- 输入w2,Name=world
2018-04-29 20:50:56,199 INFO (StartupInfoLogger.java:50)- Starting DemoApplication on DESKTOP-N88H2NI with PID 16224 (E:\IDEA\hw3-spring-security\target\classes started by VM510L in E:\IDEA\hw3-spring-security)
2018-04-29 20:50:56,204 DEBUG (StartupInfoLogger.java:53)- Running with Spring Boot v2.0.1.RELEASE, Spring v5.0.5.RELEASE
2018-04-29 20:50:56,207 INFO (SpringApplication.java:659)- No active profile set, falling back to default profiles: default
2018-04-29 20:51:00,216 INFO (StartupInfoLogger.java:59)- Started DemoApplication in 4.625 seconds (JVM running for 6.237)
2018-04-29 20:51:10,248 DEBUG (AppController.java:20)- 输入w1,Name=hello
2018-04-29 20:51:10,249 DEBUG (AppController.java:21)- 输入w2,Name=world
2018-04-29 20:51:59,528 INFO (StartupInfoLogger.java:50)- Starting DemoApplication on DESKTOP-N88H2NI with PID 19988 (E:\IDEA\hw3-spring-security\target\classes started by VM510L in E:\IDEA\hw3-spring-security)
2018-04-29 20:51:59,534 DEBUG (StartupInfoLogger.java:53)- Running with Spring Boot v2.0.1.RELEASE, Spring v5.0.5.RELEASE
2018-04-29 20:51:59,537 INFO (SpringApplication.java:659)- No active profile set, falling back to default profiles: default
2018-04-29 20:52:03,281 INFO (StartupInfoLogger.java:59)- Started DemoApplication in 4.608 seconds (JVM running for 6.233)
2018-04-29 20:52:08,238 DEBUG (AppController.java:20)- 输入w1,Name=hello
2018-04-29 20:52:08,238 DEBUG (AppController.java:21)- 输入w2,Name=world
2018-04-29 20:52:31,820 INFO (StartupInfoLogger.java:50)- Starting DemoApplication on DESKTOP-N88H2NI with PID 22500 (E:\IDEA\hw3-spring-security\target\classes started by VM510L in E:\IDEA\hw3-spring-security)
2018-04-29 20:52:31,825 DEBUG (StartupInfoLogger.java:53)- Running with Spring Boot v2.0.1.RELEASE, Spring v5.0.5.RELEASE
2018-04-29 20:52:31,829 INFO (SpringApplication.java:659)- No active profile set, falling back to default profiles: default
2018-04-29 20:52:35,555 INFO (StartupInfoLogger.java:59)- Started DemoApplication in 4.388 seconds (JVM running for 5.999)
2018-04-29 20:52:37,589 DEBUG (AppController.java:20)- 输入w1,Name=hello
2018-04-29 20:52:37,590 DEBUG (AppController.java:21)- 输入w2,Name=world
2018-04-29 20:55:28,285 INFO (StartupInfoLogger.java:50)- Starting DemoApplication on DESKTOP-N88H2NI with PID 9392 (E:\IDEA\hw3-spring-security\target\classes started by VM510L in E:\IDEA\hw3-spring-security)
2018-04-29 20:55:28,292 DEBUG (StartupInfoLogger.java:53)- Running with Spring Boot v2.0.1.RELEASE, Spring v5.0.5.RELEASE
2018-04-29 20:55:28,296 INFO (SpringApplication.java:659)- No active profile set, falling back to default profiles: default
2018-04-29 20:55:31,876 INFO (StartupInfoLogger.java:59)- Started DemoApplication in 4.334 seconds (JVM running for 5.881)
2018-04-29 20:56:11,915 DEBUG (AppController.java:20)- 输入w1,Name=hello
2018-04-29 20:56:11,917 DEBUG (AppController.java:21)- 输入w2,Name=world
2018-04-29 20:56:28,152 DEBUG (AppController.java:20)- 输入w1,Name=keep
2018-04-29 20:56:28,153 DEBUG (AppController.java:21)- 输入w2,Name=apple
2018-04-29 20:57:46,785 DEBUG (AppController.java:20)- 输入w1,Name=hello
2018-04-29 20:57:46,786 DEBUG (AppController.java:21)- 输入w2,Name=world
